2025-09-16 22:41:57,257 - src.utils.logging - INFO - Logging configured successfully
2025-09-16 22:41:57,257 - src.feed_manager - INFO - Setting up RSS feeds from configuration...
2025-09-16 22:41:57,288 - src.feed_manager - INFO - Feed loading complete: 26 added, 1 updated, 3 total active
2025-09-16 22:41:57,288 - src.feed_manager - INFO - Feed setup complete: 3 active feeds ready for processing
2025-09-16 22:41:57,293 - src.rss.parallel_fetcher - INFO - Starting parallel fetch of 29 feeds...
2025-09-16 22:41:58,805 - src.rss.parallel_fetcher - ERROR - Task exception: Instance <RSSFeed at 0x7f10ce284520> is not bound to a Session; attribute refresh operation cannot proceed (Background on this error at: https://sqlalche.me/e/20/bhk3)
2025-09-16 22:41:58,805 - src.rss.parallel_fetcher - ERROR - Task exception: Instance <RSSFeed at 0x7f10ce284590> is not bound to a Session; attribute refresh operation cannot proceed (Background on this error at: https://sqlalche.me/e/20/bhk3)
2025-09-16 22:41:58,806 - src.rss.parallel_fetcher - ERROR - Task exception: Instance <RSSFeed at 0x7f10ce284600> is not bound to a Session; attribute refresh operation cannot proceed (Background on this error at: https://sqlalche.me/e/20/bhk3)
2025-09-16 22:41:58,806 - src.rss.parallel_fetcher - ERROR - Task exception: Instance <RSSFeed at 0x7f10ce284670> is not bound to a Session; attribute refresh operation cannot proceed (Background on this error at: https://sqlalche.me/e/20/bhk3)
2025-09-16 22:41:58,806 - src.rss.parallel_fetcher - ERROR - Task exception: Instance <RSSFeed at 0x7f10ce2846e0> is not bound to a Session; attribute refresh operation cannot proceed (Background on this error at: https://sqlalche.me/e/20/bhk3)
2025-09-16 22:41:58,806 - src.rss.parallel_fetcher - ERROR - Task exception: Instance <RSSFeed at 0x7f10ce284750> is not bound to a Session; attribute refresh operation cannot proceed (Background on this error at: https://sqlalche.me/e/20/bhk3)
2025-09-16 22:41:58,806 - src.rss.parallel_fetcher - ERROR - Task exception: Instance <RSSFeed at 0x7f10ce2847c0> is not bound to a Session; attribute refresh operation cannot proceed (Background on this error at: https://sqlalche.me/e/20/bhk3)
2025-09-16 22:41:58,806 - src.rss.parallel_fetcher - ERROR - Task exception: Instance <RSSFeed at 0x7f10ce284830> is not bound to a Session; attribute refresh operation cannot proceed (Background on this error at: https://sqlalche.me/e/20/bhk3)
2025-09-16 22:41:58,806 - src.rss.parallel_fetcher - ERROR - Task exception: Instance <RSSFeed at 0x7f10ce2848a0> is not bound to a Session; attribute refresh operation cannot proceed (Background on this error at: https://sqlalche.me/e/20/bhk3)
2025-09-16 22:41:58,806 - src.rss.parallel_fetcher - ERROR - Task exception: Instance <RSSFeed at 0x7f10ce284910> is not bound to a Session; attribute refresh operation cannot proceed (Background on this error at: https://sqlalche.me/e/20/bhk3)
2025-09-16 22:41:58,806 - src.rss.parallel_fetcher - ERROR - Task exception: Instance <RSSFeed at 0x7f10ce284980> is not bound to a Session; attribute refresh operation cannot proceed (Background on this error at: https://sqlalche.me/e/20/bhk3)
2025-09-16 22:41:58,806 - src.rss.parallel_fetcher - ERROR - Task exception: Instance <RSSFeed at 0x7f10ce2849f0> is not bound to a Session; attribute refresh operation cannot proceed (Background on this error at: https://sqlalche.me/e/20/bhk3)
2025-09-16 22:41:58,806 - src.rss.parallel_fetcher - ERROR - Task exception: Instance <RSSFeed at 0x7f10ce284a60> is not bound to a Session; attribute refresh operation cannot proceed (Background on this error at: https://sqlalche.me/e/20/bhk3)
2025-09-16 22:41:58,806 - src.rss.parallel_fetcher - ERROR - Task exception: Instance <RSSFeed at 0x7f10ce284ad0> is not bound to a Session; attribute refresh operation cannot proceed (Background on this error at: https://sqlalche.me/e/20/bhk3)
2025-09-16 22:41:58,806 - src.rss.parallel_fetcher - ERROR - Task exception: Instance <RSSFeed at 0x7f10ce284b40> is not bound to a Session; attribute refresh operation cannot proceed (Background on this error at: https://sqlalche.me/e/20/bhk3)
2025-09-16 22:41:58,806 - src.rss.parallel_fetcher - ERROR - Task exception: Instance <RSSFeed at 0x7f10ce284bb0> is not bound to a Session; attribute refresh operation cannot proceed (Background on this error at: https://sqlalche.me/e/20/bhk3)
2025-09-16 22:41:58,807 - src.rss.parallel_fetcher - ERROR - Task exception: Instance <RSSFeed at 0x7f10ce284c20> is not bound to a Session; attribute refresh operation cannot proceed (Background on this error at: https://sqlalche.me/e/20/bhk3)
2025-09-16 22:41:58,807 - src.rss.parallel_fetcher - ERROR - Task exception: Instance <RSSFeed at 0x7f10ce284440> is not bound to a Session; attribute refresh operation cannot proceed (Background on this error at: https://sqlalche.me/e/20/bhk3)
2025-09-16 22:41:58,807 - src.rss.parallel_fetcher - ERROR - Task exception: Instance <RSSFeed at 0x7f10ce284c90> is not bound to a Session; attribute refresh operation cannot proceed (Background on this error at: https://sqlalche.me/e/20/bhk3)
2025-09-16 22:41:58,807 - src.rss.parallel_fetcher - ERROR - Task exception: Instance <RSSFeed at 0x7f10ce284d00> is not bound to a Session; attribute refresh operation cannot proceed (Background on this error at: https://sqlalche.me/e/20/bhk3)
2025-09-16 22:41:58,807 - src.rss.parallel_fetcher - ERROR - Task exception: Instance <RSSFeed at 0x7f10ce284d70> is not bound to a Session; attribute refresh operation cannot proceed (Background on this error at: https://sqlalche.me/e/20/bhk3)
2025-09-16 22:41:58,807 - src.rss.parallel_fetcher - ERROR - Task exception: Instance <RSSFeed at 0x7f10ce284de0> is not bound to a Session; attribute refresh operation cannot proceed (Background on this error at: https://sqlalche.me/e/20/bhk3)
2025-09-16 22:41:58,807 - src.rss.parallel_fetcher - ERROR - Task exception: Instance <RSSFeed at 0x7f10ce284e50> is not bound to a Session; attribute refresh operation cannot proceed (Background on this error at: https://sqlalche.me/e/20/bhk3)
2025-09-16 22:41:58,807 - src.rss.parallel_fetcher - ERROR - Task exception: Instance <RSSFeed at 0x7f10ce284ec0> is not bound to a Session; attribute refresh operation cannot proceed (Background on this error at: https://sqlalche.me/e/20/bhk3)
2025-09-16 22:41:58,807 - src.rss.parallel_fetcher - ERROR - Task exception: Instance <RSSFeed at 0x7f10ce284f30> is not bound to a Session; attribute refresh operation cannot proceed (Background on this error at: https://sqlalche.me/e/20/bhk3)
2025-09-16 22:41:58,807 - src.rss.parallel_fetcher - ERROR - Task exception: Instance <RSSFeed at 0x7f10ce284fa0> is not bound to a Session; attribute refresh operation cannot proceed (Background on this error at: https://sqlalche.me/e/20/bhk3)
2025-09-16 22:41:58,807 - src.rss.parallel_fetcher - ERROR - Task exception: Instance <RSSFeed at 0x7f10ce285010> is not bound to a Session; attribute refresh operation cannot proceed (Background on this error at: https://sqlalche.me/e/20/bhk3)
2025-09-16 22:41:58,807 - src.rss.parallel_fetcher - ERROR - Task exception: Instance <RSSFeed at 0x7f10ce285080> is not bound to a Session; attribute refresh operation cannot proceed (Background on this error at: https://sqlalche.me/e/20/bhk3)
2025-09-16 22:41:58,807 - src.rss.parallel_fetcher - ERROR - Task exception: Instance <RSSFeed at 0x7f10ce284360> is not bound to a Session; attribute refresh operation cannot proceed (Background on this error at: https://sqlalche.me/e/20/bhk3)
2025-09-16 22:41:58,807 - src.rss.parallel_fetcher - INFO - Parallel fetch completed in 1.51s: 0/29 successful, 0 articles
2025-09-16 22:41:58,813 - __main__ - ERROR - Phase 2 test failed: Neither 'BinaryExpression' object nor 'Comparator' object has an attribute 'astext'
2025-09-16 22:43:17,626 - src.utils.logging - INFO - Logging configured successfully
2025-09-16 22:43:17,626 - src.feed_manager - INFO - Setting up RSS feeds from configuration...
2025-09-16 22:43:17,643 - src.feed_manager - INFO - Feed loading complete: 0 added, 27 updated, 29 total active
2025-09-16 22:43:17,643 - src.feed_manager - INFO - Feed setup complete: 29 active feeds ready for processing
2025-09-16 22:43:17,648 - src.rss.parallel_fetcher - INFO - Starting parallel fetch of 29 feeds...
2025-09-16 22:43:17,992 - src.rss.fetcher - INFO - Feed BBC News recovered after 1 errors
2025-09-16 22:43:18,023 - src.rss.fetcher - INFO - Successfully processed 36 new articles from BBC News
2025-09-16 22:43:18,262 - src.rss.fetcher - WARNING - Attempt 1 failed for Associated Press Politics: [Errno -5] No address associated with hostname
2025-09-16 22:43:18,284 - src.rss.fetcher - WARNING - Attempt 1 failed for Reuters World News: [Errno -2] Name or service not known
2025-09-16 22:43:18,291 - src.rss.fetcher - WARNING - Attempt 1 failed for Reuters Politics: [Errno -2] Name or service not known
2025-09-16 22:43:18,292 - src.rss.fetcher - WARNING - Attempt 1 failed for Reuters Top News: [Errno -2] Name or service not known
2025-09-16 22:43:18,463 - src.rss.fetcher - INFO - Successfully processed 10 new articles from Supreme Court Blog
2025-09-16 22:43:18,466 - src.rss.fetcher - WARNING - Feed parsing issues for Virginia Legislative Information System: <unknown>:2:0: syntax error
2025-09-16 22:43:18,539 - src.rss.fetcher - INFO - Successfully processed 0 new articles from NASA News
2025-09-16 22:43:18,598 - src.rss.fetcher - WARNING - Feed parsing issues for Federal Register: <unknown>:21:4: mismatched tag
2025-09-16 22:43:18,682 - src.rss.fetcher - INFO - Successfully processed 10 new articles from NPR Politics
2025-09-16 22:43:18,752 - src.rss.fetcher - INFO - Successfully processed 36 new articles from BBC World News
2025-09-16 22:43:18,798 - src.rss.fetcher - INFO - Successfully processed 10 new articles from Schneier on Security
2025-09-16 22:43:19,427 - src.rss.fetcher - INFO - Successfully processed 10 new articles from US-CERT
2025-09-16 22:43:19,431 - src.rss.fetcher - WARNING - Attempt 1 failed for CISA Alerts: Client error '404 Not Found' for url 'https://www.cisa.gov/cybersecurity-advisories.xml'
For more information check: https://developer.mozilla.org/en-US/docs/Web/HTTP/Status/404
2025-09-16 22:43:19,431 - src.rss.fetcher - WARNING - Attempt 1 failed for GovTrack.us: Client error '404 Not Found' for url 'https://www.govtrack.us/events/rss'
For more information check: https://developer.mozilla.org/en-US/docs/Web/HTTP/Status/404
2025-09-16 22:43:19,598 - src.rss.fetcher - INFO - Successfully processed 10 new articles from Krebs on Security
2025-09-16 22:43:19,806 - src.rss.fetcher - WARNING - Attempt 1 failed for Richmond Times-Dispatch Virginia Politics: Client error '404 Not Found' for url 'https://richmond.com/news/virginia-government-and-politics/feed.rss'
For more information check: https://developer.mozilla.org/en-US/docs/Web/HTTP/Status/404
2025-09-16 22:43:20,316 - src.rss.fetcher - INFO - Successfully processed 100 new articles from Virginia Mercury
2025-09-16 22:43:20,321 - src.rss.fetcher - WARNING - Attempt 1 failed for NIST Computer Security: Client error '404 Not Found' for url 'https://www.nist.gov/rss/computer-security.xml'
For more information check: https://developer.mozilla.org/en-US/docs/Web/HTTP/Status/404
2025-09-16 22:43:20,339 - src.rss.fetcher - WARNING - Attempt 2 failed for Reuters World News: [Errno -2] Name or service not known
2025-09-16 22:43:20,345 - src.rss.fetcher - WARNING - Attempt 2 failed for Associated Press Politics: [Errno -5] No address associated with hostname
2025-09-16 22:43:20,345 - src.rss.fetcher - WARNING - Attempt 2 failed for Reuters Top News: [Errno -2] Name or service not known
2025-09-16 22:43:20,346 - src.rss.fetcher - WARNING - Attempt 2 failed for Reuters Politics: [Errno -2] Name or service not known
2025-09-16 22:43:20,512 - src.rss.fetcher - WARNING - Attempt 2 failed for CISA Alerts: Client error '404 Not Found' for url 'https://www.cisa.gov/cybersecurity-advisories.xml'
For more information check: https://developer.mozilla.org/en-US/docs/Web/HTTP/Status/404
2025-09-16 22:43:20,662 - src.rss.fetcher - WARNING - Attempt 1 failed for Federal Reserve Economic Data: Client error '404 Not Found' for url 'https://fred.stlouisfed.org/graph/fredgraph.rss'
For more information check: https://developer.mozilla.org/en-US/docs/Web/HTTP/Status/404
2025-09-16 22:43:20,975 - src.rss.fetcher - WARNING - Attempt 2 failed for GovTrack.us: Client error '404 Not Found' for url 'https://www.govtrack.us/events/rss'
For more information check: https://developer.mozilla.org/en-US/docs/Web/HTTP/Status/404
2025-09-16 22:43:21,062 - src.rss.fetcher - INFO - Successfully processed 10 new articles from National Weather Service - Virginia
2025-09-16 22:43:21,306 - src.rss.fetcher - WARNING - Attempt 1 failed for Bureau of Labor Statistics: Client error '403 Forbidden' for url 'https://www.bls.gov/rss/home.htm'
For more information check: https://developer.mozilla.org/en-US/docs/Web/HTTP/Status/403
2025-09-16 22:43:21,451 - src.rss.fetcher - WARNING - Attempt 2 failed for Richmond Times-Dispatch Virginia Politics: Client error '404 Not Found' for url 'https://richmond.com/news/virginia-government-and-politics/feed.rss'
For more information check: https://developer.mozilla.org/en-US/docs/Web/HTTP/Status/404
2025-09-16 22:43:22,429 - src.rss.fetcher - WARNING - Attempt 2 failed for NIST Computer Security: Client error '404 Not Found' for url 'https://www.nist.gov/rss/computer-security.xml'
For more information check: https://developer.mozilla.org/en-US/docs/Web/HTTP/Status/404
2025-09-16 22:43:22,532 - src.rss.fetcher - WARNING - Attempt 3 failed for Reuters Top News: [Errno -2] Name or service not known
2025-09-16 22:43:22,600 - src.rss.fetcher - WARNING - Attempt 3 failed for Reuters World News: [Errno -2] Name or service not known
2025-09-16 22:43:22,635 - src.rss.fetcher - WARNING - Attempt 2 failed for Federal Reserve Economic Data: Client error '404 Not Found' for url 'https://fred.stlouisfed.org/graph/fredgraph.rss'
For more information check: https://developer.mozilla.org/en-US/docs/Web/HTTP/Status/404
2025-09-16 22:43:22,720 - src.rss.fetcher - WARNING - Attempt 2 failed for Bureau of Labor Statistics: Client error '403 Forbidden' for url 'https://www.bls.gov/rss/home.htm'
For more information check: https://developer.mozilla.org/en-US/docs/Web/HTTP/Status/403
2025-09-16 22:43:23,045 - src.rss.fetcher - WARNING - Attempt 1 failed for SEC Press Releases: Client error '403 Forbidden' for url 'https://www.sec.gov/rss/news/press-release.xml'
For more information check: https://developer.mozilla.org/en-US/docs/Web/HTTP/Status/403
2025-09-16 22:43:23,094 - src.rss.fetcher - WARNING - Attempt 3 failed for Reuters Politics: [Errno -2] Name or service not known
2025-09-16 22:43:23,137 - src.rss.fetcher - WARNING - Attempt 3 failed for Associated Press Politics: [Errno -5] No address associated with hostname
2025-09-16 22:43:23,162 - src.rss.fetcher - WARNING - Attempt 3 failed for CISA Alerts: Client error '404 Not Found' for url 'https://www.cisa.gov/cybersecurity-advisories.xml'
For more information check: https://developer.mozilla.org/en-US/docs/Web/HTTP/Status/404
2025-09-16 22:43:23,420 - src.rss.fetcher - INFO - Successfully processed 30 new articles from UN News
2025-09-16 22:43:23,743 - src.rss.fetcher - WARNING - Attempt 1 failed for NATO News: Client error '403 Forbidden' for url 'https://www.nato.int/rss/news.xml'
For more information check: https://developer.mozilla.org/en-US/docs/Web/HTTP/Status/403
2025-09-16 22:43:23,919 - src.rss.fetcher - WARNING - Attempt 1 failed for EPA News: Client error '404 Not Found' for url 'https://www.epa.gov/newsreleases.xml'
For more information check: https://developer.mozilla.org/en-US/docs/Web/HTTP/Status/404
2025-09-16 22:43:23,927 - src.rss.fetcher - WARNING - Attempt 3 failed for GovTrack.us: Client error '404 Not Found' for url 'https://www.govtrack.us/events/rss'
For more information check: https://developer.mozilla.org/en-US/docs/Web/HTTP/Status/404
2025-09-16 22:43:24,054 - src.rss.fetcher - WARNING - Attempt 3 failed for Richmond Times-Dispatch Virginia Politics: Client error '404 Not Found' for url 'https://richmond.com/news/virginia-government-and-politics/feed.rss'
For more information check: https://developer.mozilla.org/en-US/docs/Web/HTTP/Status/404
2025-09-16 22:43:24,427 - src.rss.fetcher - WARNING - Attempt 1 failed for NOAA News: Client error '404 Not Found' for url 'https://www.noaa.gov/rss/all.xml'
For more information check: https://developer.mozilla.org/en-US/docs/Web/HTTP/Status/404
2025-09-16 22:43:24,793 - src.rss.fetcher - WARNING - Attempt 2 failed for SEC Press Releases: Client error '403 Forbidden' for url 'https://www.sec.gov/rss/news/press-release.xml'
For more information check: https://developer.mozilla.org/en-US/docs/Web/HTTP/Status/403
2025-09-16 22:43:24,811 - src.rss.fetcher - WARNING - Attempt 3 failed for Federal Reserve Economic Data: Client error '404 Not Found' for url 'https://fred.stlouisfed.org/graph/fredgraph.rss'
For more information check: https://developer.mozilla.org/en-US/docs/Web/HTTP/Status/404
2025-09-16 22:43:24,956 - src.rss.fetcher - WARNING - Attempt 3 failed for Bureau of Labor Statistics: Client error '403 Forbidden' for url 'https://www.bls.gov/rss/home.htm'
For more information check: https://developer.mozilla.org/en-US/docs/Web/HTTP/Status/403
2025-09-16 22:43:25,203 - src.rss.fetcher - WARNING - Attempt 3 failed for NIST Computer Security: Client error '404 Not Found' for url 'https://www.nist.gov/rss/computer-security.xml'
For more information check: https://developer.mozilla.org/en-US/docs/Web/HTTP/Status/404
2025-09-16 22:43:25,557 - src.rss.fetcher - WARNING - Attempt 1 failed for Department of Energy: Client error '404 Not Found' for url 'https://www.energy.gov/news/rss.xml'
For more information check: https://developer.mozilla.org/en-US/docs/Web/HTTP/Status/404
2025-09-16 22:43:25,567 - src.rss.fetcher - WARNING - Attempt 2 failed for NATO News: Client error '403 Forbidden' for url 'https://www.nato.int/rss/news.xml'
For more information check: https://developer.mozilla.org/en-US/docs/Web/HTTP/Status/403
2025-09-16 22:43:25,717 - src.rss.fetcher - WARNING - Attempt 2 failed for NOAA News: Client error '404 Not Found' for url 'https://www.noaa.gov/rss/all.xml'
For more information check: https://developer.mozilla.org/en-US/docs/Web/HTTP/Status/404
2025-09-16 22:43:25,923 - src.rss.fetcher - WARNING - Attempt 2 failed for EPA News: Client error '404 Not Found' for url 'https://www.epa.gov/newsreleases.xml'
For more information check: https://developer.mozilla.org/en-US/docs/Web/HTTP/Status/404
2025-09-16 22:43:26,898 - src.rss.fetcher - WARNING - Attempt 3 failed for SEC Press Releases: Client error '403 Forbidden' for url 'https://www.sec.gov/rss/news/press-release.xml'
For more information check: https://developer.mozilla.org/en-US/docs/Web/HTTP/Status/403
2025-09-16 22:43:27,885 - src.rss.fetcher - WARNING - Attempt 2 failed for Department of Energy: Client error '404 Not Found' for url 'https://www.energy.gov/news/rss.xml'
For more information check: https://developer.mozilla.org/en-US/docs/Web/HTTP/Status/404
2025-09-16 22:43:28,186 - src.rss.fetcher - WARNING - Attempt 3 failed for NATO News: Client error '403 Forbidden' for url 'https://www.nato.int/rss/news.xml'
For more information check: https://developer.mozilla.org/en-US/docs/Web/HTTP/Status/403
2025-09-16 22:43:28,528 - src.rss.fetcher - WARNING - Attempt 3 failed for NOAA News: Client error '404 Not Found' for url 'https://www.noaa.gov/rss/all.xml'
For more information check: https://developer.mozilla.org/en-US/docs/Web/HTTP/Status/404
2025-09-16 22:43:28,704 - src.rss.fetcher - WARNING - Attempt 3 failed for EPA News: Client error '404 Not Found' for url 'https://www.epa.gov/newsreleases.xml'
For more information check: https://developer.mozilla.org/en-US/docs/Web/HTTP/Status/404
2025-09-16 22:43:30,676 - src.rss.fetcher - WARNING - Attempt 3 failed for Department of Energy: Client error '404 Not Found' for url 'https://www.energy.gov/news/rss.xml'
For more information check: https://developer.mozilla.org/en-US/docs/Web/HTTP/Status/404
2025-09-16 22:43:53,890 - src.rss.fetcher - WARNING - Attempt 1 failed for FCC Consumer Alerts: 
2025-09-16 22:44:25,665 - src.rss.fetcher - WARNING - Attempt 2 failed for FCC Consumer Alerts: 
2025-09-16 22:44:58,699 - src.rss.fetcher - WARNING - Attempt 3 failed for FCC Consumer Alerts: 
2025-09-16 22:44:58,713 - src.rss.parallel_fetcher - INFO - Parallel fetch completed in 101.06s: 11/29 successful, 262 articles
2025-09-16 22:45:14,438 - src.processors.deduplicator - INFO - Deduplication complete: 272 articles processed, 20 exact duplicates, 6 near duplicates found
